build/app/intermediates/manifest_merge_blame_file/release/manifest-merger-blame-release-report.txt
1<?xml version="1.0" encoding="utf-8"?>
2<manifest xmlns:android="http://schemas.android.com/apk/res/android"
3    package="com.inso.behere"
4    android:versionCode="12"
5    android:versionName="1.0.0" >
6
7    <uses-sdk
8        android:minSdkVersion="21"
8-->src/main/AndroidManifest.xml
9        android:targetSdkVersion="30" />
9-->src/main/AndroidManifest.xml
10
11    <uses-permission android:name="android.permission.INTERNET" />
11-->src/main/AndroidManifest.xml:41:5-66
11-->src/main/AndroidManifest.xml:41:22-64
12    <uses-permission android:name="android.permission.ACCESS_NETWORK_STATE" />
12-->src/main/AndroidManifest.xml:42:5-78
12-->src/main/AndroidManifest.xml:42:22-76
13    <uses-permission android:name="android.permission.CHANGE_NETWORK_STATE" />
13-->src/main/AndroidManifest.xml:43:5-78
13-->src/main/AndroidManifest.xml:43:22-76
14    <uses-permission android:name="android.permission.ACCESS_WIFI_STATE" />
14-->src/main/AndroidManifest.xml:44:5-75
14-->src/main/AndroidManifest.xml:44:22-73
15    <uses-permission android:name="android.permission.CHANGE_WIFI_STATE" />
15-->src/main/AndroidManifest.xml:45:5-76
15-->src/main/AndroidManifest.xml:45:22-73
16    <uses-permission android:name="android.permission.ACCESS_COARSE_LOCATION" />
16-->src/main/AndroidManifest.xml:46:5-80
16-->src/main/AndroidManifest.xml:46:22-78
17    <uses-permission android:name="android.permission.ACCESS_FINE_LOCATION" />
17-->src/main/AndroidManifest.xml:47:5-78
17-->src/main/AndroidManifest.xml:47:22-76
18    <uses-permission android:name="android.permission.WRITE_EXTERNAL_STORAGE" />
18-->src/main/AndroidManifest.xml:48:5-81
18-->src/main/AndroidManifest.xml:48:22-78
19    <uses-permission android:name="android.permission.READ_EXTERNAL_STORAGE" />
19-->src/main/AndroidManifest.xml:49:5-80
19-->src/main/AndroidManifest.xml:49:22-77
20    <uses-permission android:name="android.permission.READ_INTERNAL_STORAGE" />
20-->src/main/AndroidManifest.xml:50:5-80
20-->src/main/AndroidManifest.xml:50:22-77
21    <uses-permission android:name="android.permission.WRITE_INTERNAL_STORAGE" />
21-->src/main/AndroidManifest.xml:51:5-81
21-->src/main/AndroidManifest.xml:51:22-78
22    <uses-permission android:name="android.permission.BLUETOOTH" />
22-->[:flutter_nearby_connections] AndroidManifest.xml:7:5-68
22-->[:flutter_nearby_connections] AndroidManifest.xml:7:22-65
23    <uses-permission android:name="android.permission.BLUETOOTH_ADMIN" />
23-->[:flutter_nearby_connections] AndroidManifest.xml:8:5-74
23-->[:flutter_nearby_connections] AndroidManifest.xml:8:22-71
24    <uses-permission android:name="android.permission.BROADCAST_STICKY" />
24-->[:flutter_nearby_connections] AndroidManifest.xml:10:5-75
24-->[:flutter_nearby_connections] AndroidManifest.xml:10:22-72
25
26    <uses-feature android:name="android.hardware.wifi.direct" />
26-->[:flutter_nearby_connections] AndroidManifest.xml:16:5-65
26-->[:flutter_nearby_connections] AndroidManifest.xml:16:19-62
27
28    <uses-permission android:name="android.permission.WAKE_LOCK" />
28-->[:flutter_nearby_connections] AndroidManifest.xml:20:5-68
28-->[:flutter_nearby_connections] AndroidManifest.xml:20:22-65
29    <uses-permission android:name="android.permission.FOREGROUND_SERVICE" />
29-->[:flutter_nearby_connections] AndroidManifest.xml:21:5-77
29-->[:flutter_nearby_connections] AndroidManifest.xml:21:22-74
30
31    <uses-feature android:name="android.hardware.wifi" />
31-->[:wifi_iot] AndroidManifest.xml:7:5-58
31-->[:wifi_iot] AndroidManifest.xml:7:19-55
32
33    <uses-permission android:name="android.permission.WRITE_SETTINGS" />
33-->[:wifi_iot] AndroidManifest.xml:17:5-73
33-->[:wifi_iot] AndroidManifest.xml:17:22-70
34
35    <application
35-->src/main/AndroidManifest.xml:3:4-40:19
36        android:appComponentFactory="androidx.core.app.CoreComponentFactory"
36-->[androidx.core:core:1.9.0-alpha02] AndroidManifest.xml:24:18-86
37        android:icon="@mipmap/ic_launcher"
37-->src/main/AndroidManifest.xml:5:9-43
38        android:label="behere" >
38-->src/main/AndroidManifest.xml:4:9-31
39        <activity
39-->src/main/AndroidManifest.xml:6:9-34:20
40            android:name="com.inso.behere.MainActivity"
40-->src/main/AndroidManifest.xml:7:13-41
41            android:configChanges="orientation|keyboardHidden|keyboard|screenSize|smallestScreenSize|locale|layoutDirection|fontScale|screenLayout|density|uiMode"
41-->src/main/AndroidManifest.xml:10:13-163
42            android:hardwareAccelerated="true"
42-->src/main/AndroidManifest.xml:11:13-47
43            android:launchMode="singleTop"
43-->src/main/AndroidManifest.xml:8:13-43
44            android:theme="@style/LaunchTheme"
44-->src/main/AndroidManifest.xml:9:13-47
45            android:windowSoftInputMode="adjustResize" >
45-->src/main/AndroidManifest.xml:12:13-55
46
47            <!--
48                 Specifies an Android theme to apply to this Activity as soon as
49                 the Android process has started. This theme is visible to the user
50                 while the Flutter UI initializes. After that, this theme continues
51                 to determine the Window background behind the Flutter UI.
52            -->
53            <meta-data
53-->src/main/AndroidManifest.xml:17:13-20:17
54                android:name="io.flutter.embedding.android.NormalTheme"
54-->src/main/AndroidManifest.xml:18:15-70
55                android:resource="@style/NormalTheme" />
55-->src/main/AndroidManifest.xml:19:15-52
56            <!--
57                 Displays an Android View that continues showing the launch screen
58                 Drawable until Flutter paints its first frame, then this splash
59                 screen fades out. A splash screen is useful to avoid any visual
60                 gap between the end of Android's launch screen and the painting of
61                 Flutter's first frame.
62            -->
63            <meta-data
63-->src/main/AndroidManifest.xml:26:13-29:17
64                android:name="io.flutter.embedding.android.SplashScreenDrawable"
64-->src/main/AndroidManifest.xml:27:15-79
65                android:resource="@drawable/launch_background" />
65-->src/main/AndroidManifest.xml:28:15-61
66
67            <intent-filter>
67-->src/main/AndroidManifest.xml:30:13-33:29
68                <action android:name="android.intent.action.MAIN" />
68-->src/main/AndroidManifest.xml:31:17-68
68-->src/main/AndroidManifest.xml:31:25-66
69
70                <category android:name="android.intent.category.LAUNCHER" />
70-->src/main/AndroidManifest.xml:32:17-76
70-->src/main/AndroidManifest.xml:32:27-74
71            </intent-filter>
72        </activity>
73        <!--
74             Don't delete the meta-data below.
75             This is used by the Flutter tool to generate GeneratedPluginRegistrant.java
76        -->
77        <meta-data
77-->src/main/AndroidManifest.xml:37:9-39:33
78            android:name="flutterEmbedding"
78-->src/main/AndroidManifest.xml:38:13-44
79            android:value="2" />
79-->src/main/AndroidManifest.xml:39:13-30
80
81        <service
81-->[:flutter_nearby_connections] AndroidManifest.xml:24:9-27:40
82            android:name="com.nankai.flutter_nearby_connections.NearbyService"
82-->[:flutter_nearby_connections] AndroidManifest.xml:25:13-79
83            android:enabled="true"
83-->[:flutter_nearby_connections] AndroidManifest.xml:26:13-35
84            android:exported="false" />
84-->[:flutter_nearby_connections] AndroidManifest.xml:27:13-37
85
86        <uses-library
86-->[androidx.window:window:1.0.0-beta04] AndroidManifest.xml:25:9-27:40
87            android:name="androidx.window.extensions"
87-->[androidx.window:window:1.0.0-beta04] AndroidManifest.xml:26:13-54
88            android:required="false" />
88-->[androidx.window:window:1.0.0-beta04] AndroidManifest.xml:27:13-37
89        <uses-library
89-->[androidx.window:window:1.0.0-beta04] AndroidManifest.xml:28:9-30:40
90            android:name="androidx.window.sidecar"
90-->[androidx.window:window:1.0.0-beta04] AndroidManifest.xml:29:13-51
91            android:required="false" />
91-->[androidx.window:window:1.0.0-beta04] AndroidManifest.xml:30:13-37
92
93        <activity
93-->[com.google.android.gms:play-services-base:17.3.0] AndroidManifest.xml:23:9-26:75
94            android:name="com.google.android.gms.common.api.GoogleApiActivity"
94-->[com.google.android.gms:play-services-base:17.3.0] AndroidManifest.xml:24:13-79
95            android:exported="false"
95-->[com.google.android.gms:play-services-base:17.3.0] AndroidManifest.xml:25:13-37
96            android:theme="@android:style/Theme.Translucent.NoTitleBar" />
96-->[com.google.android.gms:play-services-base:17.3.0] AndroidManifest.xml:26:13-72
97
98        <meta-data
98-->[com.google.android.gms:play-services-basement:17.3.0] AndroidManifest.xml:23:9-25:69
99            android:name="com.google.android.gms.version"
99-->[com.google.android.gms:play-services-basement:17.3.0] AndroidManifest.xml:24:13-58
100            android:value="@integer/google_play_services_version" />
100-->[com.google.android.gms:play-services-basement:17.3.0] AndroidManifest.xml:25:13-66
101    </application>
102
103</manifest>